<?xml version="1.0" encoding="UTF-8"?>
<!-- Generated by org.testng.reporters.JUnitXMLReporter -->
<testsuite ignored="2" hostname="DESKTOP-TBHPIG9" failures="0" tests="6" name="Test" time="10.768" errors="0" timestamp="30 Sep 2022 15:16:02 GMT">
  <testcase classname="com.pay.common.framework.test.TestScript" name="initialize" time="0.005"/>
  <testcase classname="com.pay.workflows.regression" name="user" time="3.446"/>
  <testcase classname="com.pay.workflows.regression" name="update_user" time="1.656"/>
  <testcase classname="com.pay.workflows.regression" name="get_user_details" time="1.904"/>
  <testcase classname="com.pay.workflows.regression" name="user_login" time="2.367"/>
  <testcase classname="com.pay.workflows.regression" name="user_logout" time="1.368"/>
  <testcase classname="com.pay.common.framework.test.TestScript" name="initConfig" time="0.0">
    <ignored/>
  </testcase> <!-- initConfig -->
  <testcase classname="com.pay.workflows.regression" name="displayResponses" time="0.0">
    <ignored/>
  </testcase> <!-- displayResponses -->
</testsuite> <!-- Test -->
