<?xml version="1.0" encoding="UTF-8"?>
<testsuite xmlns:xsi="http://www.w3.org/2001/XMLSchema-instance" xsi:noNamespaceSchemaLocation="https://maven.apache.org/surefire/maven-surefire-plugin/xsd/surefire-test-report.xsd" name="TestSuite" time="11.416" tests="6" errors="0" skipped="0" failures="0">
  <properties>
[...]
</properties>
  <testcase name="initialize" classname="com.pay.workflows.regression" time="0.006"/>
  <testcase name="user" classname="com.pay.workflows.regression" time="3.451"/>
  <testcase name="update_user" classname="com.pay.workflows.regression" time="1.663"/>
  <testcase name="get_user_details" classname="com.pay.workflows.regression" time="1.903"/>
  <testcase name="user_login" classname="com.pay.workflows.regression" time="2.365"/>
  <testcase name="user_logout" classname="com.pay.workflows.regression" time="1.37"/>
</testsuite>